<?xml version="1.0" encoding="utf-8"?><testsuites><testsuite name="pytest" errors="0" failures="0" skipped="0" tests="3" time="2.596" timestamp="2026-04-27T21:37:19.428160+02:00" hostname="KD-28579877P"><testcase classname="tests.security.test_authentication" name="test_dashboard_requires_login" time="0.427" /><testcase classname="tests.security.test_authentication" name="test_successful_login_sets_session_and_redirects_to_dashboard" time="0.588" /><testcase classname="tests.security.test_authorization" name="test_member_cannot_access_admin_route" time="0.786" /></testsuite></testsuites>