<?xml version="1.0" encoding="utf-8"?><testsuites><testsuite name="pytest" errors="0" failures="0" skipped="0" tests="9" time="3.850" timestamp="2026-04-27T22:22:54.106063+02:00" hostname="Cobos-PC"><testcase classname="tests.security.test_authentication" name="test_dashboard_requires_login" time="0.345" /><testcase classname="tests.security.test_authentication" name="test_successful_login_sets_session_and_redirects_to_dashboard" time="0.439" /><testcase classname="tests.security.test_authorization" name="test_member_cannot_access_admin_route" time="0.413" /><testcase classname="tests.security.test_authorization" name="test_admin_can_access_admin_route" time="0.457" /><testcase classname="tests.security.test_business_logic" name="test_checkout_total_is_calculated_server_side" time="0.419" /><testcase classname="tests.security.test_input_validation" name="test_feedback_rejects_overlong_input" time="0.395" /><testcase classname="tests.security.test_input_validation" name="test_checkout_rejects_invalid_quantities" time="0.425" /><testcase classname="tests.security.test_xss_and_data_exposure" name="test_feedback_output_is_escaped" time="0.422" /><testcase classname="tests.security.test_xss_and_data_exposure" name="test_profile_omits_password_material" time="0.441" /></testsuite></testsuites>